Using pre-set license
Built from '2022.3/staging' branch; Version is '2022.3.9f1 (ea401c316338) revision 15351836'; Using compiler version '192829333'; Build Type 'Release'
OS: 'Windows 10  (10.0.19045) 64bit Education' Language: 'en' Physical Memory: 32601 MB
BatchMode: 1, IsHumanControllingUs: 0, StartBugReporterOnCrash: 0, Is64bit: 1, IsPro: 1

COMMAND LINE ARGUMENTS:
C:\Program Files\Unity\Hub\Editor\2022.3.9f1\Editor\Unity.exe
-adb2
-batchMode
-noUpm
-name
AssetImportWorker1
-projectPath
C:/Users/u1195761/Documents/GitHub/RapidPrototypeSeriousGame/SeriousMobileGame
-logFile
Logs/AssetImportWorker1.log
-srvPort
58555
Successfully changed project path to: C:/Users/u1195761/Documents/GitHub/RapidPrototypeSeriousGame/SeriousMobileGame
C:/Users/u1195761/Documents/GitHub/RapidPrototypeSeriousGame/SeriousMobileGame
[UnityMemory] Configuration Parameters - Can be set up in boot.config
    "memorysetup-bucket-allocator-granularity=16"
    "memorysetup-bucket-allocator-bucket-count=8"
    "memorysetup-bucket-allocator-block-size=33554432"
    "memorysetup-bucket-allocator-block-count=8"
    "memorysetup-main-allocator-block-size=16777216"
    "memorysetup-thread-allocator-block-size=16777216"
    "memorysetup-gfx-main-allocator-block-size=16777216"
    "memorysetup-gfx-thread-allocator-block-size=16777216"
    "memorysetup-cache-allocator-block-size=4194304"
    "memorysetup-typetree-allocator-block-size=2097152"
    "memorysetup-profiler-bucket-allocator-granularity=16"
    "memorysetup-profiler-bucket-allocator-bucket-count=8"
    "memorysetup-profiler-bucket-allocator-block-size=33554432"
    "memorysetup-profiler-bucket-allocator-block-count=8"
    "memorysetup-profiler-allocator-block-size=16777216"
    "memorysetup-profiler-editor-allocator-block-size=1048576"
    "memorysetup-temp-allocator-size-main=16777216"
    "memorysetup-job-temp-allocator-block-size=2097152"
    "memorysetup-job-temp-allocator-block-size-background=1048576"
    "memorysetup-job-temp-allocator-reduction-small-platforms=262144"
    "memorysetup-allocator-temp-initial-block-size-main=262144"
    "memorysetup-allocator-temp-initial-block-size-worker=262144"
    "memorysetup-temp-allocator-size-background-worker=32768"
    "memorysetup-temp-allocator-size-job-worker=262144"
    "memorysetup-temp-allocator-size-preload-manager=33554432"
    "memorysetup-temp-allocator-size-nav-mesh-worker=65536"
    "memorysetup-temp-allocator-size-audio-worker=65536"
    "memorysetup-temp-allocator-size-cloud-worker=32768"
    "memorysetup-temp-allocator-size-gi-baking-worker=262144"
    "memorysetup-temp-allocator-size-gfx=262144"
Player connection [19448] Host "[IP] 155.98.167.163 [Port] 0 [Flags] 2 [Guid] 480278984 [EditorId] 480278984 [Version] 1048832 [Id] WindowsEditor(7,eae-z490-063) [Debug] 1 [PackageName] WindowsEditor [ProjectName] Editor" joined multi-casting on [225.0.0.222:54997]...

Player connection [19448] Host "[IP] 155.98.167.163 [Port] 0 [Flags] 2 [Guid] 480278984 [EditorId] 480278984 [Version] 1048832 [Id] WindowsEditor(7,eae-z490-063) [Debug] 1 [PackageName] WindowsEditor [ProjectName] Editor" joined alternative multi-casting on [225.0.0.222:34997]...

[Physics::Module] Initialized MultithreadedJobDispatcher with 15 workers.
Refreshing native plugins compatible for Editor in 10.51 ms, found 3 plugins.
Preloading 0 native plugins for Editor in 0.00 ms.
Initialize engine version: 2022.3.9f1 (ea401c316338)
[Subsystems] Discovering subsystems at path C:/Program Files/Unity/Hub/Editor/2022.3.9f1/Editor/Data/Resources/UnitySubsystems
[Subsystems] Discovering subsystems at path C:/Users/u1195761/Documents/GitHub/RapidPrototypeSeriousGame/SeriousMobileGame/Assets
GfxDevice: creating device client; threaded=0; jobified=0
Direct3D:
    Version:  Direct3D 11.0 [level 11.1]
    Renderer: NVIDIA GeForce RTX 3070 (ID=0x2484)
    Vendor:   NVIDIA
    VRAM:     8031 MB
    Driver:   31.0.15.3667
Initialize mono
Mono path[0] = 'C:/Program Files/Unity/Hub/Editor/2022.3.9f1/Editor/Data/Managed'
Mono path[1] = 'C:/Program Files/Unity/Hub/Editor/2022.3.9f1/Editor/Data/MonoBleedingEdge/lib/mono/unityjit-win32'
Mono config path = 'C:/Program Files/Unity/Hub/Editor/2022.3.9f1/Editor/Data/MonoBleedingEdge/etc'
Using monoOptions --debugger-agent=transport=dt_socket,embedding=1,server=y,suspend=n,address=127.0.0.1:56844
Begin MonoManager ReloadAssembly
Registering precompiled unity dll's ...
Register platform support module: C:/Program Files/Unity/Hub/Editor/2022.3.9f1/Editor/Data/PlaybackEngines/AndroidPlayer/UnityEditor.Android.Extensions.dll
Register platform support module: C:/Program Files/Unity/Hub/Editor/2022.3.9f1/Editor/Data/PlaybackEngines/WindowsStandaloneSupport/UnityEditor.WindowsStandalone.Extensions.dll
Registered in 0.008546 seconds.
- Loaded All Assemblies, in  0.298 seconds
Native extension for WindowsStandalone target not found
Native extension for Android target not found
Android Extension - Scanning For ADB Devices 172 ms
Mono: successfully reloaded assembly
- Finished resetting the current domain, in  0.443 seconds
Domain Reload Profiling: 740ms
	BeginReloadAssembly (86ms)
		ExecutionOrderSort (0ms)
		DisableScriptedObjects (0ms)
		BackupInstance (0ms)
		ReleaseScriptingObjects (0ms)
		CreateAndSetChildDomain (1ms)
	RebuildCommonClasses (31ms)
	RebuildNativeTypeToScriptingClass (9ms)
	initialDomainReloadingComplete (50ms)
	LoadAllAssembliesAndSetupDomain (120ms)
		LoadAssemblies (84ms)
		RebuildTransferFunctionScriptingTraits (0ms)
		AnalyzeDomain (118ms)
			TypeCache.Refresh (117ms)
				TypeCache.ScanAssembly (106ms)
			ScanForSourceGeneratedMonoScriptInfo (0ms)
			ResolveRequiredComponents (0ms)
	FinalizeReload (444ms)
		ReleaseScriptCaches (0ms)
		RebuildScriptCaches (0ms)
		SetupLoadedEditorAssemblies (395ms)
			LogAssemblyErrors (0ms)
			InitializePlatformSupportModulesInManaged (273ms)
			SetLoadedEditorAssemblies (3ms)
			RefreshPlugins (0ms)
			BeforeProcessingInitializeOnLoad (2ms)
			ProcessInitializeOnLoadAttributes (80ms)
			ProcessInitializeOnLoadMethodAttributes (37ms)
			AfterProcessingInitializeOnLoad (0ms)
			EditorAssembliesLoaded (0ms)
		ExecutionOrderSort2 (0ms)
		AwakeInstancesAfterBackupRestoration (0ms)
========================================================================
Worker process is ready to serve import requests
Begin MonoManager ReloadAssembly
- Loaded All Assemblies, in  0.566 seconds
Refreshing native plugins compatible for Editor in 5.61 ms, found 3 plugins.
Native extension for WindowsStandalone target not found
Native extension for Android target not found
Package Manager log level set to [2]
[Package Manager] Server::EnsureServerProcessIsRunning -- launch failed, reason: Unity was launched with the -noUpm command-line argument
[Package Manager] UpmClient::Send -- Unable to send message (not connected to UPM process).
[Package Manager] Cannot connect to Unity Package Manager local server
Mono: successfully reloaded assembly
[Package Manager] Server::EnsureServerProcessIsRunning -- launch failed, reason: Unity was launched with the -noUpm command-line argument
[Package Manager] UpmClient::Send -- Unable to send message (not connected to UPM process).
[Package Manager] Cannot connect to Unity Package Manager local server
[Package Manager] Server::EnsureServerProcessIsRunning -- launch failed, reason: Unity was launched with the -noUpm command-line argument
[Package Manager] UpmClient::Send -- Unable to send message (not connected to UPM process).
[Package Manager] Cannot connect to Unity Package Manager local server
- Finished resetting the current domain, in  0.560 seconds
Domain Reload Profiling: 1121ms
	BeginReloadAssembly (120ms)
		ExecutionOrderSort (0ms)
		DisableScriptedObjects (5ms)
		BackupInstance (0ms)
		ReleaseScriptingObjects (0ms)
		CreateAndSetChildDomain (16ms)
	RebuildCommonClasses (32ms)
	RebuildNativeTypeToScriptingClass (9ms)
	initialDomainReloadingComplete (37ms)
	LoadAllAssembliesAndSetupDomain (364ms)
		LoadAssemblies (267ms)
		RebuildTransferFunctionScriptingTraits (0ms)
		AnalyzeDomain (167ms)
			TypeCache.Refresh (139ms)
				TypeCache.ScanAssembly (124ms)
			ScanForSourceGeneratedMonoScriptInfo (19ms)
			ResolveRequiredComponents (8ms)
	FinalizeReload (560ms)
		ReleaseScriptCaches (0ms)
		RebuildScriptCaches (0ms)
		SetupLoadedEditorAssemblies (411ms)
			LogAssemblyErrors (0ms)
			InitializePlatformSupportModulesInManaged (21ms)
			SetLoadedEditorAssemblies (3ms)
			RefreshPlugins (0ms)
			BeforeProcessingInitializeOnLoad (70ms)
			ProcessInitializeOnLoadAttributes (252ms)
			ProcessInitializeOnLoadMethodAttributes (58ms)
			AfterProcessingInitializeOnLoad (7ms)
			EditorAssembliesLoaded (0ms)
		ExecutionOrderSort2 (0ms)
		AwakeInstancesAfterBackupRestoration (5ms)
Launched and connected shader compiler UnityShaderCompiler.exe after 0.03 seconds
Refreshing native plugins compatible for Editor in 5.24 ms, found 3 plugins.
Preloading 0 native plugins for Editor in 0.00 ms.
Unloading 5203 Unused Serialized files (Serialized files now loaded: 0)
Unloading 82 unused Assets / (395.4 KB). Loaded Objects now: 5666.
Memory consumption went from 217.9 MB to 217.5 MB.
Total: 3.139000 ms (FindLiveObjects: 0.373200 ms CreateObjectMapping: 0.415500 ms MarkObjects: 2.166300 ms  DeleteObjects: 0.183400 ms)

AssetImportParameters requested are different than current active one (requested -> active):
  custom:container-demuxer-ogg: 62fdf1f143b41e24485cea50d1cbac27 -> 
  custom:video-decoder-ogg-theora: a1e56fd34408186e4bbccfd4996cb3dc -> 
  custom:framework-win-MediaFoundation: 216162199b28c13a410421893ffa2e32 -> 
  custom:CustomObjectIndexerAttribute: a3ef5dd2817f97addfee359851a9dba5 -> 
  custom:container-demuxer-webm: 4f35f7cbe854078d1ac9338744f61a02 -> 
  custom:container-muxer-webm: aa71ff27fc2769a1b78a27578f13a17b -> 
  custom:video-decoder-webm-vp8: 9c59270c3fd7afecdb556c50c9e8de78 -> 
  custom:SearchIndexIgnoredProperties: e643bd26f0fe6173181afceb89e7c659 -> 
  custom:AudioImporter_EditorPlatform: d09bf68614088b80899f8185d706f6e7 -> 
  custom:video-encoder-webm-vp8: eb34c28f22e8b96e1ab97ce403110664 -> 
  custom:audio-decoder-ogg-vorbis: bf7c407c2cedff20999df2af8eb42d56 -> 
  custom:audio-encoder-webm-vorbis: bf7c407c2cedff20999df2af8eb42d56 -> 
========================================================================
Received Import Request.
  Time since last request: 422396.952473 seconds.
  path: Assets/Art/Meshes/new_regular_house.obj
  artifactKey: Guid(7d321cb1cd3193f4f9f8ef936c8031ca) Importer(815301076,1909f56bfc062723c751e8b465ee728b)
Start importing Assets/Art/Meshes/new_regular_house.obj using Guid(7d321cb1cd3193f4f9f8ef936c8031ca) Importer(815301076,1909f56bfc062723c751e8b465ee728b)  -> (artifact id: 'ad272f25ca28c5c460e58c4cac958f5c') in 0.292642 seconds
Number of updated asset objects reloaded before import = 0
Number of asset objects unloaded after import = 36
========================================================================
Received Import Request.
  Time since last request: 26.287479 seconds.
  path: Assets/Prefabs/decorations/flower 1.prefab
  artifactKey: Guid(177699aa8e03d664f92dd8182b47db57) Importer(815301076,1909f56bfc062723c751e8b465ee728b)
Start importing Assets/Prefabs/decorations/flower 1.prefab using Guid(177699aa8e03d664f92dd8182b47db57) Importer(815301076,1909f56bfc062723c751e8b465ee728b)  -> (artifact id: 'fca97771579297daf96a1c81e9e220ff') in 0.035093 seconds
Number of updated asset objects reloaded before import = 0
Number of asset objects unloaded after import = 9
========================================================================
Received Import Request.
  Time since last request: 0.000015 seconds.
  path: Assets/Prefabs/decorations/flower 2.prefab
  artifactKey: Guid(a221c1097b74a214f97e1a08d27992ef) Importer(815301076,1909f56bfc062723c751e8b465ee728b)
Start importing Assets/Prefabs/decorations/flower 2.prefab using Guid(a221c1097b74a214f97e1a08d27992ef) Importer(815301076,1909f56bfc062723c751e8b465ee728b)  -> (artifact id: '2f6bbac4bb0020c16a70a19832a1102a') in 0.024782 seconds
Number of updated asset objects reloaded before import = 0
Number of asset objects unloaded after import = 9
========================================================================
Received Import Request.
  Time since last request: 3.282843 seconds.
  path: Assets/Prefabs/World/CarHandler_1.prefab
  artifactKey: Guid(52a4c8ff95cd13544adeebfdff1dda7f) Importer(815301076,1909f56bfc062723c751e8b465ee728b)
Start importing Assets/Prefabs/World/CarHandler_1.prefab using Guid(52a4c8ff95cd13544adeebfdff1dda7f) Importer(815301076,1909f56bfc062723c751e8b465ee728b)  -> (artifact id: '209a3b9adad860dfb375d2cabad33b01') in 0.014911 seconds
Number of updated asset objects reloaded before import = 0
Number of asset objects unloaded after import = 171
========================================================================
Received Import Request.
  Time since last request: 0.000020 seconds.
  path: Assets/Prefabs/World/CarHandler_2.prefab
  artifactKey: Guid(993c3b8afb7967249bf92fe2bb9654d4) Importer(815301076,1909f56bfc062723c751e8b465ee728b)
Start importing Assets/Prefabs/World/CarHandler_2.prefab using Guid(993c3b8afb7967249bf92fe2bb9654d4) Importer(815301076,1909f56bfc062723c751e8b465ee728b)  -> (artifact id: 'c319d6a8c2ae58cdb95bc88b5c68eb3e') in 0.014463 seconds
Number of updated asset objects reloaded before import = 0
Number of asset objects unloaded after import = 171
========================================================================
Received Import Request.
  Time since last request: 0.000020 seconds.
  path: Assets/Prefabs/World/Person (1).prefab
  artifactKey: Guid(523377d526e34744ebec63b3b610cb76) Importer(815301076,1909f56bfc062723c751e8b465ee728b)
Start importing Assets/Prefabs/World/Person (1).prefab using Guid(523377d526e34744ebec63b3b610cb76) Importer(815301076,1909f56bfc062723c751e8b465ee728b)  -> (artifact id: 'aeb1f56d290ff34b2765742b7ebc11ae') in 0.020218 seconds
Number of updated asset objects reloaded before import = 0
Number of asset objects unloaded after import = 10
========================================================================
Received Import Request.
  Time since last request: 0.000016 seconds.
  path: Assets/Prefabs/World/Tree2.prefab
  artifactKey: Guid(f5eecf71d660ac145a3e576d4ce28142) Importer(815301076,1909f56bfc062723c751e8b465ee728b)
Start importing Assets/Prefabs/World/Tree2.prefab using Guid(f5eecf71d660ac145a3e576d4ce28142) Importer(815301076,1909f56bfc062723c751e8b465ee728b)  -> (artifact id: 'cf8009677d229b62eb97f4e589eb4a59') in 0.018522 seconds
Number of updated asset objects reloaded before import = 0
Number of asset objects unloaded after import = 9
========================================================================
Received Import Request.
  Time since last request: 0.000015 seconds.
  path: Assets/Prefabs/World/Tree1.prefab
  artifactKey: Guid(23ad6e5a498e834488b5b046263b5942) Importer(815301076,1909f56bfc062723c751e8b465ee728b)
Start importing Assets/Prefabs/World/Tree1.prefab using Guid(23ad6e5a498e834488b5b046263b5942) Importer(815301076,1909f56bfc062723c751e8b465ee728b)  -> (artifact id: '5076c191d94502e0ea6aa5daac79df40') in 0.017130 seconds
Number of updated asset objects reloaded before import = 0
Number of asset objects unloaded after import = 9
========================================================================
Received Import Request.
  Time since last request: 2.614720 seconds.
  path: Assets/Prefabs/World/Buildings/House2.prefab
  artifactKey: Guid(9e3260495af05cc4f8573d30d491a3d7) Importer(815301076,1909f56bfc062723c751e8b465ee728b)
Start importing Assets/Prefabs/World/Buildings/House2.prefab using Guid(9e3260495af05cc4f8573d30d491a3d7) Importer(815301076,1909f56bfc062723c751e8b465ee728b)  -> (artifact id: '9d520eb3ff58969afa06848d06a73d73') in 0.010094 seconds
Number of updated asset objects reloaded before import = 0
Number of asset objects unloaded after import = 21
========================================================================
Received Import Request.
  Time since last request: 0.000015 seconds.
  path: Assets/Prefabs/World/Buildings/House2 1.prefab
  artifactKey: Guid(51c24c9e9cda5194fb4d9738a37fa978) Importer(815301076,1909f56bfc062723c751e8b465ee728b)
Start importing Assets/Prefabs/World/Buildings/House2 1.prefab using Guid(51c24c9e9cda5194fb4d9738a37fa978) Importer(815301076,1909f56bfc062723c751e8b465ee728b)  -> (artifact id: '3064c5b6e1e26c39df0a348aa1e7fef2') in 0.009790 seconds
Number of updated asset objects reloaded before import = 0
Number of asset objects unloaded after import = 37
========================================================================
Received Import Request.
  Time since last request: 1973.424473 seconds.
  path: Assets/Prefabs/World/Buildings/House2.prefab
  artifactKey: Guid(9e3260495af05cc4f8573d30d491a3d7) Importer(815301076,1909f56bfc062723c751e8b465ee728b)
Start importing Assets/Prefabs/World/Buildings/House2.prefab using Guid(9e3260495af05cc4f8573d30d491a3d7) Importer(815301076,1909f56bfc062723c751e8b465ee728b)  -> (artifact id: 'a89f26b723534fd247276e203b01640e') in 0.013970 seconds
Number of updated asset objects reloaded before import = 0
Number of asset objects unloaded after import = 51
========================================================================
Received Import Request.
  Time since last request: 0.000026 seconds.
  path: Assets/Prefabs/World/Buildings/House2 2.prefab
  artifactKey: Guid(493bdbecbb8531c429e47edcc0462644) Importer(815301076,1909f56bfc062723c751e8b465ee728b)
Start importing Assets/Prefabs/World/Buildings/House2 2.prefab using Guid(493bdbecbb8531c429e47edcc0462644) Importer(815301076,1909f56bfc062723c751e8b465ee728b)  -> (artifact id: 'b4bc91080c2ecda370b11690725dd8d4') in 0.013015 seconds
Number of updated asset objects reloaded before import = 0
Number of asset objects unloaded after import = 71
========================================================================
Received Import Request.
  Time since last request: 5.458870 seconds.
  path: Assets/Scenes/Hongyi(Ricky)/Hongyi(Ricky) Assests/Shader/Concrete Grey.mat
  artifactKey: Guid(7d02519ee5c8cb745b09b59fc3d367fe) Importer(815301076,1909f56bfc062723c751e8b465ee728b)
Start importing Assets/Scenes/Hongyi(Ricky)/Hongyi(Ricky) Assests/Shader/Concrete Grey.mat using Guid(7d02519ee5c8cb745b09b59fc3d367fe) Importer(815301076,1909f56bfc062723c751e8b465ee728b)  -> (artifact id: '0e747b7907deece89f88bb2c868f3e75') in 0.047666 seconds
Number of updated asset objects reloaded before import = 0
Number of asset objects unloaded after import = 4
========================================================================
Received Import Request.
  Time since last request: 0.000018 seconds.
  path: Assets/Scenes/Hongyi(Ricky)/Hongyi(Ricky) Assests/Shader/Concrete_Normal.tif
  artifactKey: Guid(ae14e9baa09e4f8488f94e6055895c9e) Importer(815301076,1909f56bfc062723c751e8b465ee728b)
Start importing Assets/Scenes/Hongyi(Ricky)/Hongyi(Ricky) Assests/Shader/Concrete_Normal.tif using Guid(ae14e9baa09e4f8488f94e6055895c9e) Importer(815301076,1909f56bfc062723c751e8b465ee728b)  -> (artifact id: 'ca94a3c4aebbbe8275299781ba5d8b85') in 0.035880 seconds
Number of updated asset objects reloaded before import = 0
Number of asset objects unloaded after import = 2
========================================================================
Received Import Request.
  Time since last request: 0.000018 seconds.
  path: Assets/Scenes/Hongyi(Ricky)/Hongyi(Ricky) Assests/Shader/Test.mat
  artifactKey: Guid(05e0482137da02246b23b80a8f4d36c1) Importer(815301076,1909f56bfc062723c751e8b465ee728b)
Start importing Assets/Scenes/Hongyi(Ricky)/Hongyi(Ricky) Assests/Shader/Test.mat using Guid(05e0482137da02246b23b80a8f4d36c1) Importer(815301076,1909f56bfc062723c751e8b465ee728b)  -> (artifact id: '9590f392768407b8960daa1b1eb36554') in 0.048364 seconds
Number of updated asset objects reloaded before import = 0
Number of asset objects unloaded after import = 3
========================================================================
Received Import Request.
  Time since last request: 0.000020 seconds.
  path: Assets/Scenes/Hongyi(Ricky)/Hongyi(Ricky) Assests/Shader/wall2_Normal_OpenGL.png
  artifactKey: Guid(b9adf7a4adc3785428265de3303e0505) Importer(815301076,1909f56bfc062723c751e8b465ee728b)
Start importing Assets/Scenes/Hongyi(Ricky)/Hongyi(Ricky) Assests/Shader/wall2_Normal_OpenGL.png using Guid(b9adf7a4adc3785428265de3303e0505) Importer(815301076,1909f56bfc062723c751e8b465ee728b)  -> (artifact id: '11034f4b62e9d77ae64253fc1571f16f') in 0.023627 seconds
Number of updated asset objects reloaded before import = 0
Number of asset objects unloaded after import = 2
========================================================================
Received Import Request.
  Time since last request: 0.000070 seconds.
  path: Assets/Scenes/Hongyi(Ricky)/Hongyi(Ricky) Assests/Shader/wall_Normal_OpenGL.png
  artifactKey: Guid(6b3a9ec2867d0ad40ab1b8aae579267a) Importer(815301076,1909f56bfc062723c751e8b465ee728b)
Start importing Assets/Scenes/Hongyi(Ricky)/Hongyi(Ricky) Assests/Shader/wall_Normal_OpenGL.png using Guid(6b3a9ec2867d0ad40ab1b8aae579267a) Importer(815301076,1909f56bfc062723c751e8b465ee728b)  -> (artifact id: '6d619f6f391d851889ac8bda598b2f7b') in 0.028580 seconds
Number of updated asset objects reloaded before import = 0
Number of asset objects unloaded after import = 2
========================================================================
Received Import Request.
  Time since last request: 0.000014 seconds.
  path: Assets/Scenes/Hongyi(Ricky)/Hongyi(Ricky) Assests/Shader/wall2_Normal.png
  artifactKey: Guid(bfa8fa08c7e589845ba41939e7fb397b) Importer(815301076,1909f56bfc062723c751e8b465ee728b)
Start importing Assets/Scenes/Hongyi(Ricky)/Hongyi(Ricky) Assests/Shader/wall2_Normal.png using Guid(bfa8fa08c7e589845ba41939e7fb397b) Importer(815301076,1909f56bfc062723c751e8b465ee728b)  -> (artifact id: '90fd87df8b7f428a3a7761bdd0eca1d6') in 0.025216 seconds
Number of updated asset objects reloaded before import = 0
Number of asset objects unloaded after import = 2
========================================================================
Received Import Request.
  Time since last request: 0.000018 seconds.
  path: Assets/Scenes/Hongyi(Ricky)/Hongyi(Ricky) Assests/Shader/ToonBody.mat
  artifactKey: Guid(3c5a7b83ead2e70458ef006f2b0945b5) Importer(815301076,1909f56bfc062723c751e8b465ee728b)
Start importing Assets/Scenes/Hongyi(Ricky)/Hongyi(Ricky) Assests/Shader/ToonBody.mat using Guid(3c5a7b83ead2e70458ef006f2b0945b5) Importer(815301076,1909f56bfc062723c751e8b465ee728b)  -> (artifact id: '508d2a2e33e0c57887b3c3bfb981f9e8') in 0.024317 seconds
Number of updated asset objects reloaded before import = 0
Number of asset objects unloaded after import = 2
========================================================================
Received Import Request.
  Time since last request: 0.000014 seconds.
  path: Assets/Scenes/Hongyi(Ricky)/Hongyi(Ricky) Assests/Shader/FauxBackgroundBlur.mat
  artifactKey: Guid(7095bbf67c8069448a5131a144a21d04) Importer(815301076,1909f56bfc062723c751e8b465ee728b)
Start importing Assets/Scenes/Hongyi(Ricky)/Hongyi(Ricky) Assests/Shader/FauxBackgroundBlur.mat using Guid(7095bbf67c8069448a5131a144a21d04) Importer(815301076,1909f56bfc062723c751e8b465ee728b)  -> (artifact id: '496bf1739960bc60a3d1900c2b2b9e2f') in 0.011078 seconds
Number of updated asset objects reloaded before import = 0
Number of asset objects unloaded after import = 2
========================================================================
Received Import Request.
  Time since last request: 0.000014 seconds.
  path: Assets/Scenes/Hongyi(Ricky)/Hongyi(Ricky) Assests/Shader/uploads_files_3318270_eeve_obj.OBJ
  artifactKey: Guid(452ab0c630f4c2f46a282660cb24d6fd) Importer(815301076,1909f56bfc062723c751e8b465ee728b)
Start importing Assets/Scenes/Hongyi(Ricky)/Hongyi(Ricky) Assests/Shader/uploads_files_3318270_eeve_obj.OBJ using Guid(452ab0c630f4c2f46a282660cb24d6fd) Importer(815301076,1909f56bfc062723c751e8b465ee728b)  -> (artifact id: '01ff4688baa908aba4222a7d5a680ee1') in 0.063400 seconds
Number of updated asset objects reloaded before import = 0
Number of asset objects unloaded after import = 11
========================================================================
Received Import Request.
  Time since last request: 0.000021 seconds.
  path: Assets/Scenes/Hongyi(Ricky)/Hongyi(Ricky) Assests/Shader/Grey.mat
  artifactKey: Guid(e1b4debff657aa94293a2e4e5f15b8a0) Importer(815301076,1909f56bfc062723c751e8b465ee728b)
Start importing Assets/Scenes/Hongyi(Ricky)/Hongyi(Ricky) Assests/Shader/Grey.mat using Guid(e1b4debff657aa94293a2e4e5f15b8a0) Importer(815301076,1909f56bfc062723c751e8b465ee728b)  -> (artifact id: 'eee66062ae4b59e9af5c94daf091e2f7') in 0.027831 seconds
Number of updated asset objects reloaded before import = 0
Number of asset objects unloaded after import = 4
========================================================================
Received Import Request.
  Time since last request: 0.000027 seconds.
  path: Assets/Scenes/Hongyi(Ricky)/Hongyi(Ricky) Assests/Shader/Outline Material.mat
  artifactKey: Guid(fc011a8aa82e94a459c59778ebc06fc4) Importer(815301076,1909f56bfc062723c751e8b465ee728b)
Start importing Assets/Scenes/Hongyi(Ricky)/Hongyi(Ricky) Assests/Shader/Outline Material.mat using Guid(fc011a8aa82e94a459c59778ebc06fc4) Importer(815301076,1909f56bfc062723c751e8b465ee728b)  -> (artifact id: '771c284236cffc1127b80caaee6c8b7b') in 0.418028 seconds
Number of updated asset objects reloaded before import = 0
Number of asset objects unloaded after import = 3
========================================================================
Received Import Request.
  Time since last request: 0.000017 seconds.
  path: Assets/Scenes/Hongyi(Ricky)/Hongyi(Ricky) Assests/Shader/Concrete_Metallic.tif
  artifactKey: Guid(5d6f91bab10f9f345aa741e70bc0fd6f) Importer(815301076,1909f56bfc062723c751e8b465ee728b)
Start importing Assets/Scenes/Hongyi(Ricky)/Hongyi(Ricky) Assests/Shader/Concrete_Metallic.tif using Guid(5d6f91bab10f9f345aa741e70bc0fd6f) Importer(815301076,1909f56bfc062723c751e8b465ee728b)  -> (artifact id: '0759a019381a53cdcce757921053c824') in 0.020918 seconds
Number of updated asset objects reloaded before import = 0
Number of asset objects unloaded after import = 2
========================================================================
Received Import Request.
  Time since last request: 0.000022 seconds.
  path: Assets/Scenes/Hongyi(Ricky)/Hongyi(Ricky) Assests/Shader/Grid Dark Large.mat
  artifactKey: Guid(8d599e4346a731a4b9b3e27a818c7047) Importer(815301076,1909f56bfc062723c751e8b465ee728b)
Start importing Assets/Scenes/Hongyi(Ricky)/Hongyi(Ricky) Assests/Shader/Grid Dark Large.mat using Guid(8d599e4346a731a4b9b3e27a818c7047) Importer(815301076,1909f56bfc062723c751e8b465ee728b)  -> (artifact id: '29a916c5d8abd02e3552642f5604d382') in 0.010303 seconds
Number of updated asset objects reloaded before import = 0
Number of asset objects unloaded after import = 2
========================================================================
Received Import Request.
  Time since last request: 0.000015 seconds.
  path: Assets/Scenes/Hongyi(Ricky)/Hongyi(Ricky) Assests/Shader/Test2.mat
  artifactKey: Guid(e712f0f60d4c67d4ebf04be8284c245e) Importer(815301076,1909f56bfc062723c751e8b465ee728b)
Start importing Assets/Scenes/Hongyi(Ricky)/Hongyi(Ricky) Assests/Shader/Test2.mat using Guid(e712f0f60d4c67d4ebf04be8284c245e) Importer(815301076,1909f56bfc062723c751e8b465ee728b)  -> (artifact id: '69ce1e543f5df7fdab2179b6c43fb403') in 0.011819 seconds
Number of updated asset objects reloaded before import = 0
Number of asset objects unloaded after import = 3
========================================================================
Received Import Request.
  Time since last request: 0.000015 seconds.
  path: Assets/Scenes/Hongyi(Ricky)/Hongyi(Ricky) Assests/Shader/wall2_Roughness.png
  artifactKey: Guid(b9b0c20b387b4cb4687eee8f3a92736b) Importer(815301076,1909f56bfc062723c751e8b465ee728b)
Start importing Assets/Scenes/Hongyi(Ricky)/Hongyi(Ricky) Assests/Shader/wall2_Roughness.png using Guid(b9b0c20b387b4cb4687eee8f3a92736b) Importer(815301076,1909f56bfc062723c751e8b465ee728b)  -> (artifact id: '14b1d6ca7eebc336191f17d9d0816d3b') in 0.023540 seconds
Number of updated asset objects reloaded before import = 0
Number of asset objects unloaded after import = 2
========================================================================
Received Import Request.
  Time since last request: 0.000039 seconds.
  path: Assets/Scenes/Hongyi(Ricky)/Hongyi(Ricky) Assests/Shader/test 1.png
  artifactKey: Guid(8f1619039bb66aa48a6d1c9d40c94dd9) Importer(815301076,1909f56bfc062723c751e8b465ee728b)
Start importing Assets/Scenes/Hongyi(Ricky)/Hongyi(Ricky) Assests/Shader/test 1.png using Guid(8f1619039bb66aa48a6d1c9d40c94dd9) Importer(815301076,1909f56bfc062723c751e8b465ee728b)  -> (artifact id: '0b1c76b81e4f8acac7ff98fcc757875d') in 0.021303 seconds
Number of updated asset objects reloaded before import = 0
Number of asset objects unloaded after import = 2
========================================================================
Received Import Request.
  Time since last request: 0.000023 seconds.
  path: Assets/Scenes/Hongyi(Ricky)/Hongyi(Ricky) Assests/Shader/wall2_Height.png
  artifactKey: Guid(8002692e17ddbbf4d89c025c4679de37) Importer(815301076,1909f56bfc062723c751e8b465ee728b)
Start importing Assets/Scenes/Hongyi(Ricky)/Hongyi(Ricky) Assests/Shader/wall2_Height.png using Guid(8002692e17ddbbf4d89c025c4679de37) Importer(815301076,1909f56bfc062723c751e8b465ee728b)  -> (artifact id: '82b84871c442a795094933d9673581fb') in 0.021081 seconds
Number of updated asset objects reloaded before import = 0
Number of asset objects unloaded after import = 2
========================================================================
Received Import Request.
  Time since last request: 0.000016 seconds.
  path: Assets/Scenes/Hongyi(Ricky)/Hongyi(Ricky) Assests/Shader/Glass.mat
  artifactKey: Guid(9c52a7e85c986c2429f4638c6756501c) Importer(815301076,1909f56bfc062723c751e8b465ee728b)
Start importing Assets/Scenes/Hongyi(Ricky)/Hongyi(Ricky) Assests/Shader/Glass.mat using Guid(9c52a7e85c986c2429f4638c6756501c) Importer(815301076,1909f56bfc062723c751e8b465ee728b)  -> (artifact id: '12140828a452847bbdf796d98fe5f82b') in 0.186960 seconds
Number of updated asset objects reloaded before import = 0
Number of asset objects unloaded after import = 3
========================================================================
Received Import Request.
  Time since last request: 0.000017 seconds.
  path: Assets/Scenes/Hongyi(Ricky)/Hongyi(Ricky) Assests/Shader/wall_Normal.png
  artifactKey: Guid(466f65e6eb97c444181b23438d7b2757) Importer(815301076,1909f56bfc062723c751e8b465ee728b)
Start importing Assets/Scenes/Hongyi(Ricky)/Hongyi(Ricky) Assests/Shader/wall_Normal.png using Guid(466f65e6eb97c444181b23438d7b2757) Importer(815301076,1909f56bfc062723c751e8b465ee728b)  -> (artifact id: '896cabcea19ca50ea3de07a494148ee5') in 0.021533 seconds
Number of updated asset objects reloaded before import = 0
Number of asset objects unloaded after import = 2
========================================================================
Received Import Request.
  Time since last request: 0.000023 seconds.
  path: Assets/Scenes/Hongyi(Ricky)/Hongyi(Ricky) Assests/Shader/wall_Roughness.png
  artifactKey: Guid(b1a09457a5f564242aa47053fd75497f) Importer(815301076,1909f56bfc062723c751e8b465ee728b)
Start importing Assets/Scenes/Hongyi(Ricky)/Hongyi(Ricky) Assests/Shader/wall_Roughness.png using Guid(b1a09457a5f564242aa47053fd75497f) Importer(815301076,1909f56bfc062723c751e8b465ee728b)  -> (artifact id: '3b6944f51a8af532854a1e34fb2ab92a') in 0.021059 seconds
Number of updated asset objects reloaded before import = 0
Number of asset objects unloaded after import = 2
========================================================================
Received Import Request.
  Time since last request: 0.000016 seconds.
  path: Assets/Scenes/Hongyi(Ricky)/Hongyi(Ricky) Assests/Shader/Wall Cut.mat
  artifactKey: Guid(042e972c6fce7414fbab2b5248e4a0fe) Importer(815301076,1909f56bfc062723c751e8b465ee728b)
Start importing Assets/Scenes/Hongyi(Ricky)/Hongyi(Ricky) Assests/Shader/Wall Cut.mat using Guid(042e972c6fce7414fbab2b5248e4a0fe) Importer(815301076,1909f56bfc062723c751e8b465ee728b)  -> (artifact id: 'c00c491e760821608122bcebed5041df') in 0.278865 seconds
Number of updated asset objects reloaded before import = 0
Number of asset objects unloaded after import = 6
Editor requested this worker to shutdown with reason: Scaling down because of idle timeout
TcpMessagingSession - receive error: operation aborted. errorcode: 995, details: The I/O operation has been aborted because of either a thread exit or an application request.
AssetImportWorker is now disconnected from the server
Process exiting
Exiting without the bug reporter. Application will terminate with return code 0