Using pre-set license
Built from '2022.3/staging' branch; Version is '2022.3.8f1 (b5eafc012955) revision 11922172'; Using compiler version '192829333'; Build Type 'Release'
OS: 'Windows 10  (10.0.19045) 64bit Education' Language: 'en' Physical Memory: 32601 MB
BatchMode: 1, IsHumanControllingUs: 0, StartBugReporterOnCrash: 0, Is64bit: 1, IsPro: 1

COMMAND LINE ARGUMENTS:
C:\Program Files\Unity\Hub\Editor\2022.3.8f1\Editor\Unity.exe
-adb2
-batchMode
-noUpm
-name
AssetImportWorker2
-projectPath
C:/Users/u1271027/Documents/GitHub/RapidPrototypeSeriousGame/SeriousMobileGame
-logFile
Logs/AssetImportWorker2.log
-srvPort
64264
Successfully changed project path to: C:/Users/u1271027/Documents/GitHub/RapidPrototypeSeriousGame/SeriousMobileGame
C:/Users/u1271027/Documents/GitHub/RapidPrototypeSeriousGame/SeriousMobileGame
[UnityMemory] Configuration Parameters - Can be set up in boot.config
    "memorysetup-bucket-allocator-granularity=16"
    "memorysetup-bucket-allocator-bucket-count=8"
    "memorysetup-bucket-allocator-block-size=33554432"
    "memorysetup-bucket-allocator-block-count=8"
    "memorysetup-main-allocator-block-size=16777216"
    "memorysetup-thread-allocator-block-size=16777216"
    "memorysetup-gfx-main-allocator-block-size=16777216"
    "memorysetup-gfx-thread-allocator-block-size=16777216"
    "memorysetup-cache-allocator-block-size=4194304"
    "memorysetup-typetree-allocator-block-size=2097152"
    "memorysetup-profiler-bucket-allocator-granularity=16"
    "memorysetup-profiler-bucket-allocator-bucket-count=8"
    "memorysetup-profiler-bucket-allocator-block-size=33554432"
    "memorysetup-profiler-bucket-allocator-block-count=8"
    "memorysetup-profiler-allocator-block-size=16777216"
    "memorysetup-profiler-editor-allocator-block-size=1048576"
    "memorysetup-temp-allocator-size-main=16777216"
    "memorysetup-job-temp-allocator-block-size=2097152"
    "memorysetup-job-temp-allocator-block-size-background=1048576"
    "memorysetup-job-temp-allocator-reduction-small-platforms=262144"
    "memorysetup-allocator-temp-initial-block-size-main=262144"
    "memorysetup-allocator-temp-initial-block-size-worker=262144"
    "memorysetup-temp-allocator-size-background-worker=32768"
    "memorysetup-temp-allocator-size-job-worker=262144"
    "memorysetup-temp-allocator-size-preload-manager=33554432"
    "memorysetup-temp-allocator-size-nav-mesh-worker=65536"
    "memorysetup-temp-allocator-size-audio-worker=65536"
    "memorysetup-temp-allocator-size-cloud-worker=32768"
    "memorysetup-temp-allocator-size-gi-baking-worker=262144"
    "memorysetup-temp-allocator-size-gfx=262144"
Player connection [19196] Host "[IP] 155.98.167.102 [Port] 0 [Flags] 2 [Guid] 204431165 [EditorId] 204431165 [Version] 1048832 [Id] WindowsEditor(7,eae-z490-002) [Debug] 1 [PackageName] WindowsEditor [ProjectName] Editor" joined multi-casting on [225.0.0.222:54997]...

Player connection [19196] Host "[IP] 155.98.167.102 [Port] 0 [Flags] 2 [Guid] 204431165 [EditorId] 204431165 [Version] 1048832 [Id] WindowsEditor(7,eae-z490-002) [Debug] 1 [PackageName] WindowsEditor [ProjectName] Editor" joined alternative multi-casting on [225.0.0.222:34997]...

[Physics::Module] Initialized MultithreadedJobDispatcher with 15 workers.
Refreshing native plugins compatible for Editor in 11.10 ms, found 3 plugins.
Preloading 0 native plugins for Editor in 0.00 ms.
Initialize engine version: 2022.3.8f1 (b5eafc012955)
[Subsystems] Discovering subsystems at path C:/Program Files/Unity/Hub/Editor/2022.3.8f1/Editor/Data/Resources/UnitySubsystems
[Subsystems] Discovering subsystems at path C:/Users/u1271027/Documents/GitHub/RapidPrototypeSeriousGame/SeriousMobileGame/Assets
GfxDevice: creating device client; threaded=0; jobified=0
Direct3D:
    Version:  Direct3D 11.0 [level 11.1]
    Renderer: NVIDIA GeForce RTX 3070 (ID=0x2484)
    Vendor:   NVIDIA
    VRAM:     8031 MB
    Driver:   31.0.15.3699
Initialize mono
Mono path[0] = 'C:/Program Files/Unity/Hub/Editor/2022.3.8f1/Editor/Data/Managed'
Mono path[1] = 'C:/Program Files/Unity/Hub/Editor/2022.3.8f1/Editor/Data/MonoBleedingEdge/lib/mono/unityjit-win32'
Mono config path = 'C:/Program Files/Unity/Hub/Editor/2022.3.8f1/Editor/Data/MonoBleedingEdge/etc'
Using monoOptions --debugger-agent=transport=dt_socket,embedding=1,server=y,suspend=n,address=127.0.0.1:56468
Begin MonoManager ReloadAssembly
Registering precompiled unity dll's ...
Register platform support module: C:/Program Files/Unity/Hub/Editor/2022.3.8f1/Editor/Data/PlaybackEngines/WindowsStandaloneSupport/UnityEditor.WindowsStandalone.Extensions.dll
Registered in 0.005277 seconds.
- Loaded All Assemblies, in  0.297 seconds
Native extension for WindowsStandalone target not found
Mono: successfully reloaded assembly
- Finished resetting the current domain, in  0.215 seconds
Domain Reload Profiling: 511ms
	BeginReloadAssembly (88ms)
		ExecutionOrderSort (0ms)
		DisableScriptedObjects (0ms)
		BackupInstance (0ms)
		ReleaseScriptingObjects (0ms)
		CreateAndSetChildDomain (1ms)
	RebuildCommonClasses (28ms)
	RebuildNativeTypeToScriptingClass (10ms)
	initialDomainReloadingComplete (49ms)
	LoadAllAssembliesAndSetupDomain (120ms)
		LoadAssemblies (86ms)
		RebuildTransferFunctionScriptingTraits (0ms)
		AnalyzeDomain (119ms)
			TypeCache.Refresh (118ms)
				TypeCache.ScanAssembly (106ms)
			ScanForSourceGeneratedMonoScriptInfo (0ms)
			ResolveRequiredComponents (0ms)
	FinalizeReload (215ms)
		ReleaseScriptCaches (0ms)
		RebuildScriptCaches (0ms)
		SetupLoadedEditorAssemblies (166ms)
			LogAssemblyErrors (0ms)
			InitializePlatformSupportModulesInManaged (8ms)
			SetLoadedEditorAssemblies (6ms)
			RefreshPlugins (0ms)
			BeforeProcessingInitializeOnLoad (2ms)
			ProcessInitializeOnLoadAttributes (110ms)
			ProcessInitializeOnLoadMethodAttributes (41ms)
			AfterProcessingInitializeOnLoad (0ms)
			EditorAssembliesLoaded (0ms)
		ExecutionOrderSort2 (0ms)
		AwakeInstancesAfterBackupRestoration (0ms)
========================================================================
Worker process is ready to serve import requests
Begin MonoManager ReloadAssembly
- Loaded All Assemblies, in  0.570 seconds
Refreshing native plugins compatible for Editor in 5.01 ms, found 3 plugins.
Native extension for WindowsStandalone target not found
Package Manager log level set to [2]
[Package Manager] Server::EnsureServerProcessIsRunning -- launch failed, reason: Unity was launched with the -noUpm command-line argument
[Package Manager] UpmClient::Send -- Unable to send message (not connected to UPM process).
[Package Manager] Cannot connect to Unity Package Manager local server
Mono: successfully reloaded assembly
[Package Manager] Server::EnsureServerProcessIsRunning -- launch failed, reason: Unity was launched with the -noUpm command-line argument
[Package Manager] UpmClient::Send -- Unable to send message (not connected to UPM process).
[Package Manager] Cannot connect to Unity Package Manager local server
[Package Manager] Server::EnsureServerProcessIsRunning -- launch failed, reason: Unity was launched with the -noUpm command-line argument
[Package Manager] UpmClient::Send -- Unable to send message (not connected to UPM process).
[Package Manager] Cannot connect to Unity Package Manager local server
- Finished resetting the current domain, in  0.550 seconds
Domain Reload Profiling: 1117ms
	BeginReloadAssembly (127ms)
		ExecutionOrderSort (0ms)
		DisableScriptedObjects (5ms)
		BackupInstance (0ms)
		ReleaseScriptingObjects (0ms)
		CreateAndSetChildDomain (21ms)
	RebuildCommonClasses (29ms)
	RebuildNativeTypeToScriptingClass (10ms)
	initialDomainReloadingComplete (34ms)
	LoadAllAssembliesAndSetupDomain (367ms)
		LoadAssemblies (260ms)
		RebuildTransferFunctionScriptingTraits (0ms)
		AnalyzeDomain (179ms)
			TypeCache.Refresh (146ms)
				TypeCache.ScanAssembly (129ms)
			ScanForSourceGeneratedMonoScriptInfo (24ms)
			ResolveRequiredComponents (8ms)
	FinalizeReload (550ms)
		ReleaseScriptCaches (0ms)
		RebuildScriptCaches (0ms)
		SetupLoadedEditorAssemblies (396ms)
			LogAssemblyErrors (0ms)
			InitializePlatformSupportModulesInManaged (5ms)
			SetLoadedEditorAssemblies (3ms)
			RefreshPlugins (0ms)
			BeforeProcessingInitializeOnLoad (64ms)
			ProcessInitializeOnLoadAttributes (263ms)
			ProcessInitializeOnLoadMethodAttributes (57ms)
			AfterProcessingInitializeOnLoad (5ms)
			EditorAssembliesLoaded (0ms)
		ExecutionOrderSort2 (0ms)
		AwakeInstancesAfterBackupRestoration (5ms)
Launched and connected shader compiler UnityShaderCompiler.exe after 0.03 seconds
Refreshing native plugins compatible for Editor in 6.85 ms, found 3 plugins.
Preloading 0 native plugins for Editor in 0.00 ms.
Unloading 5136 Unused Serialized files (Serialized files now loaded: 0)
Unloading 79 unused Assets / (355.9 KB). Loaded Objects now: 5582.
Memory consumption went from 198.6 MB to 198.2 MB.
Total: 3.278200 ms (FindLiveObjects: 0.373800 ms CreateObjectMapping: 0.418900 ms MarkObjects: 2.314100 ms  DeleteObjects: 0.170400 ms)

AssetImportParameters requested are different than current active one (requested -> active):
  custom:container-demuxer-ogg: 62fdf1f143b41e24485cea50d1cbac27 -> 
  custom:video-decoder-ogg-theora: a1e56fd34408186e4bbccfd4996cb3dc -> 
  custom:framework-win-MediaFoundation: 216162199b28c13a410421893ffa2e32 -> 
  custom:container-demuxer-webm: 4f35f7cbe854078d1ac9338744f61a02 -> 
  custom:container-muxer-webm: aa71ff27fc2769a1b78a27578f13a17b -> 
  custom:video-decoder-webm-vp8: 9c59270c3fd7afecdb556c50c9e8de78 -> 
  custom:AudioImporter_EditorPlatform: d09bf68614088b80899f8185d706f6e7 -> 
  custom:video-encoder-webm-vp8: eb34c28f22e8b96e1ab97ce403110664 -> 
  custom:audio-decoder-ogg-vorbis: bf7c407c2cedff20999df2af8eb42d56 -> 
  custom:audio-encoder-webm-vorbis: bf7c407c2cedff20999df2af8eb42d56 -> 
========================================================================
Received Import Request.
  Time since last request: 11172.437155 seconds.
  path: Assets/Scenes/Hongyi(Ricky)/Hongyi(Ricky) Assests/Shader/Dark Green.mat
  artifactKey: Guid(d2fd0fd7f230ce14d89e18fb555b7469) Importer(815301076,1909f56bfc062723c751e8b465ee728b)
Start importing Assets/Scenes/Hongyi(Ricky)/Hongyi(Ricky) Assests/Shader/Dark Green.mat using Guid(d2fd0fd7f230ce14d89e18fb555b7469) Importer(815301076,1909f56bfc062723c751e8b465ee728b)  -> (artifact id: 'cdf9e219ea4d3831689605f7af8219b8') in 0.626351 seconds
Number of updated asset objects reloaded before import = 0
Number of asset objects unloaded after import = 5
========================================================================
Received Import Request.
  Time since last request: 0.000026 seconds.
  path: Assets/Scenes/Hongyi(Ricky)/Hongyi(Ricky) Assests/Shader/wall2_Base_color.png
  artifactKey: Guid(9d65b1540bd55dc4ab02643e09524306) Importer(815301076,1909f56bfc062723c751e8b465ee728b)
Start importing Assets/Scenes/Hongyi(Ricky)/Hongyi(Ricky) Assests/Shader/wall2_Base_color.png using Guid(9d65b1540bd55dc4ab02643e09524306) Importer(815301076,1909f56bfc062723c751e8b465ee728b)  -> (artifact id: '38d9042d821cb94ab57875f81f24a6f2') in 0.021253 seconds
Number of updated asset objects reloaded before import = 0
Number of asset objects unloaded after import = 2
========================================================================
Received Import Request.
  Time since last request: 0.000019 seconds.
  path: Assets/Scenes/Hongyi(Ricky)/Hongyi(Ricky) Assests/Shader/Arrows.mat
  artifactKey: Guid(08d0ccc4a501e6645be0c3ee36d0cd20) Importer(815301076,1909f56bfc062723c751e8b465ee728b)
Start importing Assets/Scenes/Hongyi(Ricky)/Hongyi(Ricky) Assests/Shader/Arrows.mat using Guid(08d0ccc4a501e6645be0c3ee36d0cd20) Importer(815301076,1909f56bfc062723c751e8b465ee728b)  -> (artifact id: 'cc60c52238d16d3e86c1899191a8c390') in 0.257905 seconds
Number of updated asset objects reloaded before import = 0
Number of asset objects unloaded after import = 2
========================================================================
Received Import Request.
  Time since last request: 0.000023 seconds.
  path: Assets/Scenes/Hongyi(Ricky)/Hongyi(Ricky) Assests/Shader/Concrete Blue.mat
  artifactKey: Guid(895b038bf03adba4c951968630c6032d) Importer(815301076,1909f56bfc062723c751e8b465ee728b)
Start importing Assets/Scenes/Hongyi(Ricky)/Hongyi(Ricky) Assests/Shader/Concrete Blue.mat using Guid(895b038bf03adba4c951968630c6032d) Importer(815301076,1909f56bfc062723c751e8b465ee728b)  -> (artifact id: '34fbe1c1f5fdae52cf01e7eea36797db') in 0.015043 seconds
Number of updated asset objects reloaded before import = 0
Number of asset objects unloaded after import = 4
========================================================================
Received Import Request.
  Time since last request: 0.000025 seconds.
  path: Assets/Scenes/Hongyi(Ricky)/Hongyi(Ricky) Assests/Shader/Frosted_Glass_Pattern_AlbedoTransparency.png
  artifactKey: Guid(ec39cf1992b67944dbbaeb7f183de318) Importer(815301076,1909f56bfc062723c751e8b465ee728b)
Start importing Assets/Scenes/Hongyi(Ricky)/Hongyi(Ricky) Assests/Shader/Frosted_Glass_Pattern_AlbedoTransparency.png using Guid(ec39cf1992b67944dbbaeb7f183de318) Importer(815301076,1909f56bfc062723c751e8b465ee728b)  -> (artifact id: '1d79f5d495adbb8439b86f808108c96d') in 0.019719 seconds
Number of updated asset objects reloaded before import = 0
Number of asset objects unloaded after import = 2
========================================================================
Received Import Request.
  Time since last request: 0.000020 seconds.
  path: Assets/Scenes/Hongyi(Ricky)/Hongyi(Ricky) Assests/Shader/Concrete_Albedo.tif
  artifactKey: Guid(5803a7cd377fea04dbb2916a5d373150) Importer(815301076,1909f56bfc062723c751e8b465ee728b)
Start importing Assets/Scenes/Hongyi(Ricky)/Hongyi(Ricky) Assests/Shader/Concrete_Albedo.tif using Guid(5803a7cd377fea04dbb2916a5d373150) Importer(815301076,1909f56bfc062723c751e8b465ee728b)  -> (artifact id: '00a908a2b8bb14de2c7a491d07745f5d') in 0.017183 seconds
Number of updated asset objects reloaded before import = 0
Number of asset objects unloaded after import = 2
========================================================================
Received Import Request.
  Time since last request: 0.620886 seconds.
  path: Assets/Scenes/Hongyi(Ricky)/Hongyi(Ricky) Assests/Shader/wall2_Normal_OpenGL.png
  artifactKey: Guid(b9adf7a4adc3785428265de3303e0505) Importer(815301076,1909f56bfc062723c751e8b465ee728b)
Start importing Assets/Scenes/Hongyi(Ricky)/Hongyi(Ricky) Assests/Shader/wall2_Normal_OpenGL.png using Guid(b9adf7a4adc3785428265de3303e0505) Importer(815301076,1909f56bfc062723c751e8b465ee728b)  -> (artifact id: '14ffc191e8e1595d5142ce8fa2fd20da') in 0.025472 seconds
Number of updated asset objects reloaded before import = 0
Number of asset objects unloaded after import = 2
========================================================================
Received Import Request.
  Time since last request: 0.000021 seconds.
  path: Assets/Scenes/Hongyi(Ricky)/Hongyi(Ricky) Assests/Shader/wall_Roughness.png
  artifactKey: Guid(b1a09457a5f564242aa47053fd75497f) Importer(815301076,1909f56bfc062723c751e8b465ee728b)
Start importing Assets/Scenes/Hongyi(Ricky)/Hongyi(Ricky) Assests/Shader/wall_Roughness.png using Guid(b1a09457a5f564242aa47053fd75497f) Importer(815301076,1909f56bfc062723c751e8b465ee728b)  -> (artifact id: '6af00a309810961277c9d27cc3ae9788') in 0.018269 seconds
Number of updated asset objects reloaded before import = 0
Number of asset objects unloaded after import = 2
========================================================================
Received Prepare
Refreshing native plugins compatible for Editor in 4.65 ms, found 3 plugins.
Preloading 0 native plugins for Editor in 0.00 ms.
Unloading 2 Unused Serialized files (Serialized files now loaded: 0)
Unloading 2 unused Assets / (290.2 KB). Loaded Objects now: 5713.
Memory consumption went from 101.0 MB to 100.7 MB.
Total: 4.228800 ms (FindLiveObjects: 0.368500 ms CreateObjectMapping: 0.360600 ms MarkObjects: 3.443500 ms  DeleteObjects: 0.055500 ms)

Prepare: number of updated asset objects reloaded= 0
AssetImportParameters requested are different than current active one (requested -> active):
  custom:container-demuxer-ogg: 62fdf1f143b41e24485cea50d1cbac27 -> 
  custom:video-decoder-ogg-theora: a1e56fd34408186e4bbccfd4996cb3dc -> 
  custom:framework-win-MediaFoundation: 216162199b28c13a410421893ffa2e32 -> 
  custom:CustomObjectIndexerAttribute: a3ef5dd2817f97addfee359851a9dba5 -> 
  custom:container-demuxer-webm: 4f35f7cbe854078d1ac9338744f61a02 -> 
  custom:container-muxer-webm: aa71ff27fc2769a1b78a27578f13a17b -> 
  custom:video-decoder-webm-vp8: 9c59270c3fd7afecdb556c50c9e8de78 -> 
  custom:SearchIndexIgnoredProperties: e643bd26f0fe6173181afceb89e7c659 -> 
  custom:AudioImporter_EditorPlatform: d09bf68614088b80899f8185d706f6e7 -> 
  custom:video-encoder-webm-vp8: eb34c28f22e8b96e1ab97ce403110664 -> 
  custom:audio-decoder-ogg-vorbis: bf7c407c2cedff20999df2af8eb42d56 -> 
  custom:audio-encoder-webm-vorbis: bf7c407c2cedff20999df2af8eb42d56 -> 
========================================================================
Received Import Request.
  Time since last request: 346.035297 seconds.
  path: Assets/Scenes/Hongyi(Ricky)/Hongyi(Ricky) Assests/Shader/Cel 2.mat
  artifactKey: Guid(1709966433444154d89ea5207d0642a6) Importer(815301076,1909f56bfc062723c751e8b465ee728b)
Start importing Assets/Scenes/Hongyi(Ricky)/Hongyi(Ricky) Assests/Shader/Cel 2.mat using Guid(1709966433444154d89ea5207d0642a6) Importer(815301076,1909f56bfc062723c751e8b465ee728b)  -> (artifact id: '22bd2b3eabcccd8140ee2cfa48816dcf') in 0.018869 seconds
Number of updated asset objects reloaded before import = 1
Number of asset objects unloaded after import = 4
========================================================================
Received Import Request.
  Time since last request: 0.000687 seconds.
  path: Assets/Scenes/Hongyi(Ricky)/Hongyi(Ricky) Assests/Shader/Test2.mat
  artifactKey: Guid(e712f0f60d4c67d4ebf04be8284c245e) Importer(815301076,1909f56bfc062723c751e8b465ee728b)
Start importing Assets/Scenes/Hongyi(Ricky)/Hongyi(Ricky) Assests/Shader/Test2.mat using Guid(e712f0f60d4c67d4ebf04be8284c245e) Importer(815301076,1909f56bfc062723c751e8b465ee728b)  -> (artifact id: '2ecf0658b6a6f1322382d7bac8d14980') in 0.006495 seconds
Number of updated asset objects reloaded before import = 0
Number of asset objects unloaded after import = 2
========================================================================
Received Import Request.
  Time since last request: 0.000016 seconds.
  path: Assets/Scenes/Hongyi(Ricky)/Hongyi(Ricky) Assests/Shader/Cel Shader.shadergraph
  artifactKey: Guid(dc4e027f0c7775a4b8e0381c9b3ea42b) Importer(815301076,1909f56bfc062723c751e8b465ee728b)
Start importing Assets/Scenes/Hongyi(Ricky)/Hongyi(Ricky) Assests/Shader/Cel Shader.shadergraph using Guid(dc4e027f0c7775a4b8e0381c9b3ea42b) Importer(815301076,1909f56bfc062723c751e8b465ee728b)  -> (artifact id: '7895d2791f4b836af9c47efbfd6248c3') in 0.006650 seconds
Number of updated asset objects reloaded before import = 0
Number of asset objects unloaded after import = 2
========================================================================
Received Import Request.
  Time since last request: 152.052152 seconds.
  path: Assets/Scenes/Hongyi(Ricky)/Hongyi(Ricky) Assests/Shader/Cel 2.mat
  artifactKey: Guid(1709966433444154d89ea5207d0642a6) Importer(815301076,1909f56bfc062723c751e8b465ee728b)
Start importing Assets/Scenes/Hongyi(Ricky)/Hongyi(Ricky) Assests/Shader/Cel 2.mat using Guid(1709966433444154d89ea5207d0642a6) Importer(815301076,1909f56bfc062723c751e8b465ee728b)  -> (artifact id: '55341ec5860010f0ca35f6ccf653991a') in 0.402187 seconds
Number of updated asset objects reloaded before import = 1
Number of asset objects unloaded after import = 4
========================================================================
Received Import Request.
  Time since last request: 0.000017 seconds.
  path: Assets/Scenes/Hongyi(Ricky)/Hongyi(Ricky) Assests/Shader/Cel Shader.shadergraph
  artifactKey: Guid(dc4e027f0c7775a4b8e0381c9b3ea42b) Importer(815301076,1909f56bfc062723c751e8b465ee728b)
Start importing Assets/Scenes/Hongyi(Ricky)/Hongyi(Ricky) Assests/Shader/Cel Shader.shadergraph using Guid(dc4e027f0c7775a4b8e0381c9b3ea42b) Importer(815301076,1909f56bfc062723c751e8b465ee728b)  -> (artifact id: 'c3f1a3e4a4c626da9db1571f4c7fd13e') in 0.009003 seconds
Number of updated asset objects reloaded before import = 0
Number of asset objects unloaded after import = 2
========================================================================
Received Import Request.
  Time since last request: 45.712241 seconds.
  path: Assets/Scenes/Hongyi(Ricky)/Hongyi(Ricky) Assests/Shader/Cel 2.mat
  artifactKey: Guid(1709966433444154d89ea5207d0642a6) Importer(815301076,1909f56bfc062723c751e8b465ee728b)
Start importing Assets/Scenes/Hongyi(Ricky)/Hongyi(Ricky) Assests/Shader/Cel 2.mat using Guid(1709966433444154d89ea5207d0642a6) Importer(815301076,1909f56bfc062723c751e8b465ee728b)  -> (artifact id: 'faf28db943a1a31c2b3bffcf6b1dba5b') in 0.070101 seconds
Number of updated asset objects reloaded before import = 1
Number of asset objects unloaded after import = 4
========================================================================
Received Import Request.
  Time since last request: 113.041223 seconds.
  path: Assets/Scenes/Hongyi(Ricky)/Hongyi(Ricky) Assests/Shader/FauxBackgroundBlur.mat
  artifactKey: Guid(7095bbf67c8069448a5131a144a21d04) Importer(815301076,1909f56bfc062723c751e8b465ee728b)
Start importing Assets/Scenes/Hongyi(Ricky)/Hongyi(Ricky) Assests/Shader/FauxBackgroundBlur.mat using Guid(7095bbf67c8069448a5131a144a21d04) Importer(815301076,1909f56bfc062723c751e8b465ee728b)  -> (artifact id: '377c803f8c2576a1a3cc38dc25124c83') in 0.011537 seconds
Number of updated asset objects reloaded before import = 0
Number of asset objects unloaded after import = 2
========================================================================
Received Import Request.
  Time since last request: 24.927405 seconds.
  path: Assets/Scenes/Hongyi(Ricky)/Hongyi(Ricky) Assests/Shader/Cel Material.mat
  artifactKey: Guid(e45435f4c1c816e40b352c7192450f20) Importer(815301076,1909f56bfc062723c751e8b465ee728b)
Start importing Assets/Scenes/Hongyi(Ricky)/Hongyi(Ricky) Assests/Shader/Cel Material.mat using Guid(e45435f4c1c816e40b352c7192450f20) Importer(815301076,1909f56bfc062723c751e8b465ee728b)  -> (artifact id: 'f2d8672a87c2eef3b98dc702a5c4d3cd') in 0.013456 seconds
Number of updated asset objects reloaded before import = 0
Number of asset objects unloaded after import = 4
========================================================================
Received Import Request.
  Time since last request: 375.628360 seconds.
  path: Assets/Scenes/Hongyi(Ricky)/Hongyi(Ricky) Assests/Shader/Cel 2.mat
  artifactKey: Guid(1709966433444154d89ea5207d0642a6) Importer(815301076,1909f56bfc062723c751e8b465ee728b)
Start importing Assets/Scenes/Hongyi(Ricky)/Hongyi(Ricky) Assests/Shader/Cel 2.mat using Guid(1709966433444154d89ea5207d0642a6) Importer(815301076,1909f56bfc062723c751e8b465ee728b)  -> (artifact id: '2aa2696ada095dadaedf09a414b608c4') in 0.018258 seconds
Number of updated asset objects reloaded before import = 1
Number of asset objects unloaded after import = 4
========================================================================
Received Import Request.
  Time since last request: 0.000016 seconds.
  path: Assets/Scenes/Hongyi(Ricky)/Hongyi(Ricky) Assests/Shader/Cel Shader.shadergraph
  artifactKey: Guid(dc4e027f0c7775a4b8e0381c9b3ea42b) Importer(815301076,1909f56bfc062723c751e8b465ee728b)
Start importing Assets/Scenes/Hongyi(Ricky)/Hongyi(Ricky) Assests/Shader/Cel Shader.shadergraph using Guid(dc4e027f0c7775a4b8e0381c9b3ea42b) Importer(815301076,1909f56bfc062723c751e8b465ee728b)  -> (artifact id: 'd3f609195b3d47d9b2c9044970635fcf') in 0.006355 seconds
Number of updated asset objects reloaded before import = 0
Number of asset objects unloaded after import = 2
========================================================================
Received Import Request.
  Time since last request: 30.610158 seconds.
  path: Assets/Scenes/Hongyi(Ricky)/Hongyi(Ricky) Assests/Shader/Cel 2.mat
  artifactKey: Guid(1709966433444154d89ea5207d0642a6) Importer(815301076,1909f56bfc062723c751e8b465ee728b)
Start importing Assets/Scenes/Hongyi(Ricky)/Hongyi(Ricky) Assests/Shader/Cel 2.mat using Guid(1709966433444154d89ea5207d0642a6) Importer(815301076,1909f56bfc062723c751e8b465ee728b)  -> (artifact id: '63e66e3b1f40104ba8ddf1cbd1af4f20') in 0.012774 seconds
Number of updated asset objects reloaded before import = 1
Number of asset objects unloaded after import = 4
========================================================================
Received Import Request.
  Time since last request: 0.000015 seconds.
  path: Assets/Scenes/Hongyi(Ricky)/Hongyi(Ricky) Assests/Shader/Cel Shader.shadergraph
  artifactKey: Guid(dc4e027f0c7775a4b8e0381c9b3ea42b) Importer(815301076,1909f56bfc062723c751e8b465ee728b)
Start importing Assets/Scenes/Hongyi(Ricky)/Hongyi(Ricky) Assests/Shader/Cel Shader.shadergraph using Guid(dc4e027f0c7775a4b8e0381c9b3ea42b) Importer(815301076,1909f56bfc062723c751e8b465ee728b)  -> (artifact id: '667c3c029abc8ca17b6fd36c16534c90') in 0.005372 seconds
Number of updated asset objects reloaded before import = 0
Number of asset objects unloaded after import = 2
========================================================================
Received Import Request.
  Time since last request: 86.015951 seconds.
  path: Assets/Scenes/Hongyi(Ricky)/Hongyi(Ricky) Assests/Shader/Cel 2.mat
  artifactKey: Guid(1709966433444154d89ea5207d0642a6) Importer(815301076,1909f56bfc062723c751e8b465ee728b)
Start importing Assets/Scenes/Hongyi(Ricky)/Hongyi(Ricky) Assests/Shader/Cel 2.mat using Guid(1709966433444154d89ea5207d0642a6) Importer(815301076,1909f56bfc062723c751e8b465ee728b)  -> (artifact id: '21e40123baccf3501952270bf1656250') in 0.160919 seconds
Number of updated asset objects reloaded before import = 1
Number of asset objects unloaded after import = 4
========================================================================
Received Import Request.
  Time since last request: 0.000016 seconds.
  path: Assets/Scenes/Hongyi(Ricky)/Hongyi(Ricky) Assests/Shader/Cel Shader.shadergraph
  artifactKey: Guid(dc4e027f0c7775a4b8e0381c9b3ea42b) Importer(815301076,1909f56bfc062723c751e8b465ee728b)
Start importing Assets/Scenes/Hongyi(Ricky)/Hongyi(Ricky) Assests/Shader/Cel Shader.shadergraph using Guid(dc4e027f0c7775a4b8e0381c9b3ea42b) Importer(815301076,1909f56bfc062723c751e8b465ee728b)  -> (artifact id: 'eba1e344a3da19108e9761b32f4a8598') in 0.010668 seconds
Number of updated asset objects reloaded before import = 0
Number of asset objects unloaded after import = 2
========================================================================
Received Import Request.
  Time since last request: 177.570510 seconds.
  path: Assets/Scenes/Hongyi(Ricky)/Hongyi(Ricky) Assests/Shader/Cel 2.mat
  artifactKey: Guid(1709966433444154d89ea5207d0642a6) Importer(815301076,1909f56bfc062723c751e8b465ee728b)
Start importing Assets/Scenes/Hongyi(Ricky)/Hongyi(Ricky) Assests/Shader/Cel 2.mat using Guid(1709966433444154d89ea5207d0642a6) Importer(815301076,1909f56bfc062723c751e8b465ee728b)  -> (artifact id: '28719a90354402b8452901d622a412e9') in 0.158524 seconds
Number of updated asset objects reloaded before import = 1
Number of asset objects unloaded after import = 4
========================================================================
Received Import Request.
  Time since last request: 0.000018 seconds.
  path: Assets/Scenes/Hongyi(Ricky)/Hongyi(Ricky) Assests/Shader/Toon Material.mat
  artifactKey: Guid(3e5820bf80a65f8419d2017fdcb75816) Importer(815301076,1909f56bfc062723c751e8b465ee728b)
Start importing Assets/Scenes/Hongyi(Ricky)/Hongyi(Ricky) Assests/Shader/Toon Material.mat using Guid(3e5820bf80a65f8419d2017fdcb75816) Importer(815301076,1909f56bfc062723c751e8b465ee728b)  -> (artifact id: 'e0938c66909b1d9430d1518a8621dbff') in 0.011996 seconds
Number of updated asset objects reloaded before import = 0
Number of asset objects unloaded after import = 2
========================================================================
Received Import Request.
  Time since last request: 6.626605 seconds.
  path: Assets/Scenes/Hongyi(Ricky)/Hongyi(Ricky) Assests/Shader/Cel Material.mat
  artifactKey: Guid(e45435f4c1c816e40b352c7192450f20) Importer(815301076,1909f56bfc062723c751e8b465ee728b)
Start importing Assets/Scenes/Hongyi(Ricky)/Hongyi(Ricky) Assests/Shader/Cel Material.mat using Guid(e45435f4c1c816e40b352c7192450f20) Importer(815301076,1909f56bfc062723c751e8b465ee728b)  -> (artifact id: '8fa924200b955183b899ff3849342891') in 0.011381 seconds
Number of updated asset objects reloaded before import = 0
Number of asset objects unloaded after import = 4
========================================================================
Received Import Request.
  Time since last request: 63.280338 seconds.
  path: Assets/Scenes/Hongyi(Ricky)/Hongyi(Ricky) Assests/Shader/Cel Material.mat
  artifactKey: Guid(e45435f4c1c816e40b352c7192450f20) Importer(815301076,1909f56bfc062723c751e8b465ee728b)
Start importing Assets/Scenes/Hongyi(Ricky)/Hongyi(Ricky) Assests/Shader/Cel Material.mat using Guid(e45435f4c1c816e40b352c7192450f20) Importer(815301076,1909f56bfc062723c751e8b465ee728b)  -> (artifact id: '4b5b77b70683fad6ec91176823b74a17') in 0.014150 seconds
Number of updated asset objects reloaded before import = 0
Number of asset objects unloaded after import = 4
========================================================================
Received Import Request.
  Time since last request: 44.792701 seconds.
  path: Assets/Scenes/Hongyi(Ricky)/Hongyi(Ricky) Assests/Shader/Cel Material.mat
  artifactKey: Guid(e45435f4c1c816e40b352c7192450f20) Importer(815301076,1909f56bfc062723c751e8b465ee728b)
Start importing Assets/Scenes/Hongyi(Ricky)/Hongyi(Ricky) Assests/Shader/Cel Material.mat using Guid(e45435f4c1c816e40b352c7192450f20) Importer(815301076,1909f56bfc062723c751e8b465ee728b)  -> (artifact id: '8afa2e902a442143c13f426363ed74da') in 0.013384 seconds
Number of updated asset objects reloaded before import = 0
Number of asset objects unloaded after import = 4
